C:\Program Files\Microsoft Visual Studio\2022\Community\MSBuild\Microsoft\VC\v170\Microsoft.CppBuild.targets(517,5): warning MSB8004: Output Directory does not end with a trailing slash.  This build instance will add the slash as it is required to allow proper evaluation of the Output Directory.
  Parser.cpp
C:\Users\Stephen\source\repos\SSADParser\Build\ConsoleGraphics.hpp(108,17): warning C4244: '=': conversion from 'float' to 'uint32_t', possible loss of data
C:\Users\Stephen\source\repos\SSADParser\Build\ConsoleGraphics.hpp(109,17): warning C4244: '=': conversion from 'float' to 'uint32_t', possible loss of data
C:\Users\Stephen\source\repos\SSADParser\Build\ConsoleGraphics.hpp(139,19): warning C4244: 'initializing': conversion from 'float' to 'uint16_t', possible loss of data
C:\Users\Stephen\source\repos\SSADParser\Build\ConsoleGraphics.hpp(139,34): warning C4244: 'initializing': conversion from 'float' to 'uint16_t', possible loss of data
C:\Users\Stephen\source\repos\SSADParser\Build\ConsoleGraphics.hpp(152,18): warning C4244: '=': conversion from 'float' to 'uint32_t', possible loss of data
C:\Users\Stephen\source\repos\SSADParser\Build\ConsoleGraphics.hpp(153,18): warning C4244: '=': conversion from 'float' to 'uint32_t', possible loss of data
C:\Users\Stephen\source\repos\SSADParser\Build\ConsoleGraphics.hpp(163,87): warning C4244: '+=': conversion from 'float' to 'uint32_t', possible loss of data
C:\Users\Stephen\source\repos\SSADParser\Build\ConsoleGraphics.hpp(164,87): warning C4244: '+=': conversion from 'float' to 'uint32_t', possible loss of data
C:\Users\Stephen\source\repos\SSADParser\Build\ConsoleGraphics.hpp(165,87): warning C4244: '+=': conversion from 'float' to 'uint32_t', possible loss of data
C:\Users\Stephen\source\repos\SSADParser\Build\ConsoleGraphics.hpp(169,65): warning C4244: '+=': conversion from 'float' to 'uint32_t', possible loss of data
C:\Users\Stephen\source\repos\SSADParser\Build\ConsoleGraphics.hpp(170,65): warning C4244: '+=': conversion from 'float' to 'uint32_t', possible loss of data
C:\Users\Stephen\source\repos\SSADParser\Build\ConsoleGraphics.hpp(171,65): warning C4244: '+=': conversion from 'float' to 'uint32_t', possible loss of data
C:\Users\Stephen\source\repos\SSADParser\Build\ConsoleGraphics.hpp(304,26): warning C4267: 'initializing': conversion from 'size_t' to 'uint32_t', possible loss of data
C:\Users\Stephen\source\repos\SSADParser\Build\ConsoleGraphics.hpp(344,27): warning C4018: '<': signed/unsigned mismatch
C:\Users\Stephen\source\repos\SSADParser\Build\ConsoleGraphics.hpp(412,16): warning C4267: 'initializing': conversion from 'size_t' to 'uint32_t', possible loss of data
C:\Users\Stephen\source\repos\SSADParser\Build\ConsoleGraphics.hpp(448,47): warning C4267: '=': conversion from 'size_t' to 'uint32_t', possible loss of data
C:\Users\Stephen\source\repos\SSADParser\Build\ConsoleGraphics.hpp(450,23): warning C4267: '=': conversion from 'size_t' to 'uint32_t', possible loss of data
C:\Users\Stephen\source\repos\SSADParser\Build\ConsoleGraphics.hpp(489,39): warning C4244: 'argument': conversion from 'uint16_t' to 'uint8_t', possible loss of data
C:\Users\Stephen\source\repos\SSADParser\Build\ConsoleGraphics.hpp(489,36): warning C4244: 'argument': conversion from 'uint16_t' to 'uint8_t', possible loss of data
C:\Users\Stephen\source\repos\SSADParser\Build\ConsoleGraphics.hpp(489,33): warning C4244: 'argument': conversion from 'uint16_t' to 'uint8_t', possible loss of data
C:\Users\Stephen\source\repos\SSADParser\Build\ConsoleGraphics.hpp(502,36): warning C4244: '=': conversion from 'float' to 'uint8_t', possible loss of data
C:\Users\Stephen\source\repos\SSADParser\Build\ConsoleGraphics.hpp(595,43): warning C4244: 'argument': conversion from 'float' to 'uint32_t', possible loss of data
C:\Users\Stephen\source\repos\SSADParser\Build\ConsoleGraphics.hpp(596,23): warning C4244: '=': conversion from 'float' to 'uint32_t', possible loss of data
C:\Users\Stephen\source\repos\SSADParser\Build\ConsoleGraphics.hpp(601,52): warning C4244: 'argument': conversion from 'float' to 'uint32_t', possible loss of data
C:\Users\Stephen\source\repos\SSADParser\Build\ConsoleGraphics.hpp(603,23): warning C4244: '=': conversion from 'float' to 'uint32_t', possible loss of data
C:\Users\Stephen\source\repos\SSADParser\Build\ConsoleGraphics.hpp(619,30): warning C4244: 'argument': conversion from 'float' to 'uint32_t', possible loss of data
C:\Users\Stephen\source\repos\SSADParser\Build\ConsoleGraphics.hpp(619,18): warning C4244: 'argument': conversion from 'float' to 'uint32_t', possible loss of data
C:\Users\Stephen\source\repos\SSADParser\Build\ConsoleGraphics.hpp(629,31): warning C4244: 'argument': conversion from 'float' to 'uint32_t', possible loss of data
C:\Users\Stephen\source\repos\SSADParser\Build\ConsoleGraphics.hpp(629,18): warning C4244: 'argument': conversion from 'float' to 'uint32_t', possible loss of data
C:\Users\Stephen\source\repos\SSADParser\Build\ConsoleGraphics.hpp(680,21): warning C4244: 'initializing': conversion from 'float' to 'uint32_t', possible loss of data
C:\Users\Stephen\source\repos\SSADParser\Build\ConsoleGraphics.hpp(681,21): warning C4244: 'initializing': conversion from 'float' to 'uint32_t', possible loss of data
C:\Users\Stephen\source\repos\SSADParser\Build\ConsoleGraphics.hpp(687,47): warning C4244: 'argument': conversion from 'float' to 'const unsigned __int64', possible loss of data
C:\Users\Stephen\source\repos\SSADParser\Build\ConsoleGraphics.hpp(742,19): warning C4244: '=': conversion from 'float' to 'uint8_t', possible loss of data
C:\Users\Stephen\source\repos\SSADParser\Build\ConsoleGraphics.hpp(743,19): warning C4244: '=': conversion from 'float' to 'uint8_t', possible loss of data
C:\Users\Stephen\source\repos\SSADParser\Build\ConsoleGraphics.hpp(744,19): warning C4244: '=': conversion from 'float' to 'uint8_t', possible loss of data
C:\Users\Stephen\source\repos\SSADParser\Build\ConsoleGraphics.hpp(745,19): warning C4244: '=': conversion from 'float' to 'uint8_t', possible loss of data
C:\Users\Stephen\source\repos\SSADParser\Build\ConsoleGraphics.hpp(751,19): warning C4244: '=': conversion from 'float' to 'uint8_t', possible loss of data
C:\Users\Stephen\source\repos\SSADParser\Build\ConsoleGraphics.hpp(752,19): warning C4244: '=': conversion from 'float' to 'uint8_t', possible loss of data
C:\Users\Stephen\source\repos\SSADParser\Build\ConsoleGraphics.hpp(753,19): warning C4244: '=': conversion from 'float' to 'uint8_t', possible loss of data
C:\Users\Stephen\source\repos\SSADParser\Build\ConsoleGraphics.hpp(754,19): warning C4244: '=': conversion from 'float' to 'uint8_t', possible loss of data
C:\Users\Stephen\source\repos\SSADParser\Build\ConsoleGraphics.hpp(760,19): warning C4244: '=': conversion from 'float' to 'uint8_t', possible loss of data
C:\Users\Stephen\source\repos\SSADParser\Build\ConsoleGraphics.hpp(761,19): warning C4244: '=': conversion from 'float' to 'uint8_t', possible loss of data
C:\Users\Stephen\source\repos\SSADParser\Build\ConsoleGraphics.hpp(762,19): warning C4244: '=': conversion from 'float' to 'uint8_t', possible loss of data
C:\Users\Stephen\source\repos\SSADParser\Build\ConsoleGraphics.hpp(763,19): warning C4244: '=': conversion from 'float' to 'uint8_t', possible loss of data
C:\Users\Stephen\source\repos\SSADParser\Build\ConsoleGraphics.hpp(775,25): warning C4244: '=': conversion from 'float' to 'uint8_t', possible loss of data
C:\Users\Stephen\source\repos\SSADParser\Build\ConsoleGraphics.hpp(776,25): warning C4244: '=': conversion from 'float' to 'uint8_t', possible loss of data
C:\Users\Stephen\source\repos\SSADParser\Build\ConsoleGraphics.hpp(777,25): warning C4244: '=': conversion from 'float' to 'uint8_t', possible loss of data
C:\Users\Stephen\source\repos\SSADParser\Build\ConsoleGraphics.hpp(778,25): warning C4244: '=': conversion from 'float' to 'uint8_t', possible loss of data
C:\Users\Stephen\source\repos\SSADParser\Build\ConsoleGraphics.hpp(784,25): warning C4244: '=': conversion from 'float' to 'uint8_t', possible loss of data
C:\Users\Stephen\source\repos\SSADParser\Build\ConsoleGraphics.hpp(785,25): warning C4244: '=': conversion from 'float' to 'uint8_t', possible loss of data
C:\Users\Stephen\source\repos\SSADParser\Build\ConsoleGraphics.hpp(786,25): warning C4244: '=': conversion from 'float' to 'uint8_t', possible loss of data
C:\Users\Stephen\source\repos\SSADParser\Build\ConsoleGraphics.hpp(787,25): warning C4244: '=': conversion from 'float' to 'uint8_t', possible loss of data
C:\Users\Stephen\source\repos\SSADParser\Build\ConsoleGraphics.hpp(795,25): warning C4244: '=': conversion from 'float' to 'uint8_t', possible loss of data
C:\Users\Stephen\source\repos\SSADParser\Build\ConsoleGraphics.hpp(796,25): warning C4244: '=': conversion from 'float' to 'uint8_t', possible loss of data
C:\Users\Stephen\source\repos\SSADParser\Build\ConsoleGraphics.hpp(797,25): warning C4244: '=': conversion from 'float' to 'uint8_t', possible loss of data
C:\Users\Stephen\source\repos\SSADParser\Build\ConsoleGraphics.hpp(798,25): warning C4244: '=': conversion from 'float' to 'uint8_t', possible loss of data
C:\Users\Stephen\source\repos\SSADParser\Build\ConsoleGraphics.hpp(809,25): warning C4244: '=': conversion from 'float' to 'uint8_t', possible loss of data
C:\Users\Stephen\source\repos\SSADParser\Build\ConsoleGraphics.hpp(810,25): warning C4244: '=': conversion from 'float' to 'uint8_t', possible loss of data
C:\Users\Stephen\source\repos\SSADParser\Build\ConsoleGraphics.hpp(811,25): warning C4244: '=': conversion from 'float' to 'uint8_t', possible loss of data
C:\Users\Stephen\source\repos\SSADParser\Build\ConsoleGraphics.hpp(812,25): warning C4244: '=': conversion from 'float' to 'uint8_t', possible loss of data
C:\Users\Stephen\source\repos\SSADParser\Build\ConsoleGraphics.hpp(818,25): warning C4244: '=': conversion from 'float' to 'uint8_t', possible loss of data
C:\Users\Stephen\source\repos\SSADParser\Build\ConsoleGraphics.hpp(819,25): warning C4244: '=': conversion from 'float' to 'uint8_t', possible loss of data
C:\Users\Stephen\source\repos\SSADParser\Build\ConsoleGraphics.hpp(820,25): warning C4244: '=': conversion from 'float' to 'uint8_t', possible loss of data
C:\Users\Stephen\source\repos\SSADParser\Build\ConsoleGraphics.hpp(821,25): warning C4244: '=': conversion from 'float' to 'uint8_t', possible loss of data
C:\Users\Stephen\source\repos\SSADParser\Build\ConsoleGraphics.hpp(828,25): warning C4244: '=': conversion from 'float' to 'uint8_t', possible loss of data
C:\Users\Stephen\source\repos\SSADParser\Build\ConsoleGraphics.hpp(829,25): warning C4244: '=': conversion from 'float' to 'uint8_t', possible loss of data
C:\Users\Stephen\source\repos\SSADParser\Build\ConsoleGraphics.hpp(830,25): warning C4244: '=': conversion from 'float' to 'uint8_t', possible loss of data
C:\Users\Stephen\source\repos\SSADParser\Build\ConsoleGraphics.hpp(831,25): warning C4244: '=': conversion from 'float' to 'uint8_t', possible loss of data
C:\Users\Stephen\source\repos\SSADParser\Build\ConsoleGraphics.hpp(1176,15): warning C4244: '=': conversion from 'float' to 'uint32_t', possible loss of data
C:\Users\Stephen\source\repos\SSADParser\Build\ConsoleGraphics.hpp(1177,15): warning C4244: '=': conversion from 'float' to 'uint32_t', possible loss of data
C:\Users\Stephen\source\repos\SSADParser\Build\ConsoleGraphics.hpp(1257,99): warning C4244: 'argument': conversion from 'float' to 'int', possible loss of data
C:\Users\Stephen\source\repos\SSADParser\Build\ConsoleGraphics.hpp(1257,70): warning C4244: 'argument': conversion from 'float' to 'int', possible loss of data
C:\Users\Stephen\source\repos\SSADParser\Build\ConsoleGraphics.hpp(1362,70): warning C4244: 'argument': conversion from 'float' to 'uint32_t', possible loss of data
C:\Users\Stephen\source\repos\SSADParser\Build\ConsoleGraphics.hpp(1362,54): warning C4244: 'argument': conversion from 'float' to 'uint32_t', possible loss of data
C:\Users\Stephen\source\repos\SSADParser\Build\ConsoleGraphics.hpp(1415,27): warning C4244: 'argument': conversion from 'int32_t' to 'float', possible loss of data
C:\Users\Stephen\source\repos\SSADParser\Build\ConsoleGraphics.hpp(1415,12): warning C4244: '=': conversion from 'float' to 'int32_t', possible loss of data
C:\Users\Stephen\source\repos\SSADParser\Build\ConsoleGraphics.hpp(1419,25): warning C4018: '<': signed/unsigned mismatch
C:\Users\Stephen\source\repos\SSADParser\Build\ConsoleGraphics.hpp(1421,12): warning C4244: '=': conversion from 'float' to 'uint32_t', possible loss of data
C:\Users\Stephen\source\repos\SSADParser\Build\ConsoleGraphics.hpp(1422,12): warning C4244: '=': conversion from 'float' to 'uint32_t', possible loss of data
C:\Users\Stephen\source\repos\SSADParser\Build\ConsoleGraphics.hpp(1583,17): warning C4244: '=': conversion from 'float' to 'uint32_t', possible loss of data
C:\Users\Stephen\source\repos\SSADParser\Build\ConsoleGraphics.hpp(1585,17): warning C4244: '=': conversion from 'float' to 'uint32_t', possible loss of data
C:\Users\Stephen\source\repos\SSADParser\Build\ConsoleUtilities.h(266,2): warning C4996: 'getch': The POSIX name for this item is deprecated. Instead, use the ISO C and C++ conformant name: _getch. See online help for details.
C:\Users\Stephen\source\repos\SSADParser\Build\ConsoleUtilities.h(281,31): warning C4244: 'return': conversion from 'double' to 'float', possible loss of data
C:\Users\Stephen\source\repos\SSADParser\Build\ConsoleUtilities.h(922,19): warning C4244: 'initializing': conversion from 'float' to 'unsigned int', possible loss of data
C:\Users\Stephen\source\repos\SSADParser\Build\StringParser.hpp(55,17): warning C4267: 'initializing': conversion from 'size_t' to 'uint32_t', possible loss of data
C:\Users\Stephen\source\repos\SSADParser\Build\StringParser.hpp(57,17): warning C4267: 'initializing': conversion from 'size_t' to 'uint32_t', possible loss of data
C:\Users\Stephen\source\repos\SSADParser\Build\StringParser.hpp(58,20): warning C4267: '=': conversion from 'size_t' to 'uint32_t', possible loss of data
C:\Users\Stephen\source\repos\SSADParser\Build\StringParser.hpp(111,20): warning C4267: 'initializing': conversion from 'size_t' to 'uint32_t', possible loss of data
C:\Users\Stephen\source\repos\SSADParser\Build\StringParser.hpp(117,32): warning C4267: '+=': conversion from 'size_t' to 'uint32_t', possible loss of data
C:\Users\Stephen\source\repos\SSADParser\Build\StringParser.hpp(146,17): warning C4267: 'initializing': conversion from 'size_t' to 'uint32_t', possible loss of data
C:\Users\Stephen\source\repos\SSADParser\Build\StringParser.hpp(147,17): warning C4267: 'initializing': conversion from 'size_t' to 'uint32_t', possible loss of data
C:\Users\Stephen\source\repos\SSADParser\Build\IndexPSP\Encoder.hpp(33,35): warning C4267: 'argument': conversion from 'size_t' to 'const _Ty', possible loss of data
          with
          [
              _Ty=uint32_t
          ]
C:\Users\Stephen\source\repos\SSADParser\Build\IndexPSP\Encoder.hpp(114,36): warning C4267: 'argument': conversion from 'size_t' to '_Ty', possible loss of data
          with
          [
              _Ty=uint8_t
          ]
C:\Users\Stephen\source\repos\SSADParser\Build\IndexPSP\Encoder.hpp(182,32): warning C4267: 'argument': conversion from 'size_t' to '_Ty', possible loss of data
          with
          [
              _Ty=uint8_t
          ]
C:\Users\Stephen\source\repos\SSADParser\Build\IndexPSP\Encoder.hpp(257,17): warning C4267: 'initializing': conversion from 'size_t' to 'uint16_t', possible loss of data
C:\Users\Stephen\source\repos\SSADParser\Build\IndexPSP\Encoder.hpp(263,39): warning C4267: 'argument': conversion from 'size_t' to '_Ty', possible loss of data
          with
          [
              _Ty=uint8_t
          ]
C:\Users\Stephen\source\repos\SSADParser\Build\IndexPSP\CRAF.hpp(109,13): warning C4267: 'initializing': conversion from 'size_t' to 'uint32_t', possible loss of data
C:\Users\Stephen\source\repos\SSADParser\Build\IndexPSP\CRAF.hpp(142,15): warning C4267: 'initializing': conversion from 'size_t' to 'uint32_t', possible loss of data
C:\Users\Stephen\source\repos\SSADParser\Build\IndexPSP\CRAF.hpp(145,15): warning C4267: 'initializing': conversion from 'size_t' to 'uint32_t', possible loss of data
C:\Users\Stephen\source\repos\SSADParser\Build\IndexPSP\SHTXPS.hpp(108,17): warning C4244: 'initializing': conversion from '__int64' to 'uint16_t', possible loss of data
C:\Users\Stephen\source\repos\SSADParser\Build\Parser.cpp(186,52): warning C4267: 'argument': conversion from 'size_t' to 'uint32_t', possible loss of data
C:\Users\Stephen\source\repos\SSADParser\Build\Parser.cpp(191,24): warning C4244: '=': conversion from 'float' to 'int32_t', possible loss of data
C:\Users\Stephen\source\repos\SSADParser\Build\Parser.cpp(195,24): warning C4244: '=': conversion from 'float' to 'int32_t', possible loss of data
C:\Users\Stephen\source\repos\SSADParser\Build\Parser.cpp(111,8): warning C4101: 'header': unreferenced local variable
  SSADParser.vcxproj -> C:\Users\Stephen\source\repos\SSADParser\SSADParser.exe
